START
----------
 1 7 8
 4 0 3
 6 5 2
----------
 1 0 8
 4 7 3
 6 5 2
----------
 0 1 8
 4 7 3
 6 5 2
----------
 4 1 8
 0 7 3
 6 5 2
----------
 4 1 8
 7 0 3
 6 5 2
----------
 4 1 8
 7 3 0
 6 5 2
----------
 4 1 8
 7 3 2
 6 5 0
----------
 4 1 8
 7 3 2
 6 0 5
----------
 4 1 8
 7 3 2
 0 6 5
----------
 4 1 8
 0 3 2
 7 6 5
----------
 0 1 8
 4 3 2
 7 6 5
----------
 1 0 8
 4 3 2
 7 6 5
----------
 1 3 8
 4 0 2
 7 6 5
----------
 1 3 8
 4 2 0
 7 6 5
----------
 1 3 0
 4 2 8
 7 6 5
----------
 1 0 3
 4 2 8
 7 6 5
----------
 1 2 3
 4 0 8
 7 6 5
----------
 1 2 3
 4 8 0
 7 6 5
----------
 1 2 3
 4 8 5
 7 6 0
----------
 1 2 3
 4 8 5
 7 0 6
----------
 1 2 3
 4 0 5
 7 8 6
----------
 1 2 3
 4 5 0
 7 8 6
----------
 1 2 3
 4 5 6
 7 8 0
----------
